Build started 14/11/2015 17:03:30.
     1>Project "C:\Users\lev\Documents\Visual Studio 2013\Projects\skeleton_2013\CGWork\CGWork.vcxproj" on node 2 (Build target(s)).
     1>ClCompile:
         C:\Program Files (x86)\Microsoft Visual Studio 12.0\VC\bin\CL.exe /c /I..\pngLib /I..\include /ZI /nologo /W3 /WX- /Od /Oy- /D WIN32 /D _DEBUG /D _WINDOWS /D WINVER=0x501 /D NO_WARN_MBCS_MFC_DEPRECATION /D _VC80_UPGRADE=0x0710 /D _UNICODE /D UNICODE /D _AFXDLL /Gm- /EHsc /RTC1 /MDd /GS /fp:precise /Zc:wchar_t /Zc:forScope /Fo".\Debug/" /Fd".\Debug/vc120.pdb" /Gd /TP /wd4273 /wd4996 /wd4800 /analyze- /errorReport:prompt CGWorkView.cpp
         CGWorkView.cpp
       Link:
         C:\Program Files (x86)\Microsoft Visual Studio 12.0\VC\bin\link.exe /ERRORREPORT:PROMPT /OUT:"..\bin\Debug\CGWork.exe" /INCREMENTAL /NOLOGO /LIBPATH:..\pngLib /LIBPATH:..\iritLib GLU32.LIB zlibd.lib libpngd.lib iritD.lib /MANIFEST /MANIFESTUAC:"level='asInvoker' uiAccess='false'" /manifest:embed /manifestinput:"C:\Program Files (x86)\Microsoft Visual Studio 12.0\VC\Include\Manifest\dpiaware.manifest" /DEBUG /PDB:".\Debug/CGWork.pdb" /SUBSYSTEM:WINDOWS /TLBID:1 /ENTRY:"wWinMainCRTStartup" /DYNAMICBASE:NO /IMPLIB:"..\bin\Debug\CGWork.lib" /MACHINE:X86 /SAFESEH .\Debug\CGWork.res
         .\Debug/CGWork.obj
         .\Debug/CGWorkDoc.obj
         .\Debug/CGWorkView.obj
         .\Debug/iritSkel.obj
         .\Debug/LightDialog.obj
         .\Debug/MainFrm.obj
         .\Debug/MaterialDlg.obj
         .\Debug/PngWrapper.obj
         .\Debug/StdAfx.obj
         CGWork.vcxproj -> C:\Users\lev\Documents\Visual Studio 2013\Projects\skeleton_2013\CGWork\..\bin\Debug\CGWork.exe
     1>Done Building Project "C:\Users\lev\Documents\Visual Studio 2013\Projects\skeleton_2013\CGWork\CGWork.vcxproj" (Build target(s)).

Build succeeded.

Time Elapsed 00:00:04.05
