Build started 12/11/2015 18:22:47.
     1>Project "C:\Users\lev\Documents\Visual Studio 2013\Projects\skeleton_2013\CGWork\CGWork.vcxproj" on node 2 (Build target(s)).
     1>ClCompile:
         C:\Program Files (x86)\Microsoft Visual Studio 12.0\VC\bin\CL.exe /c /I..\pngLib /I..\include /Zi /nologo /W3 /WX- /O2 /Ob1 /Oy- /D WIN32 /D NDEBUG /D _WINDOWS /D WINVER=0x501 /D NO_WARN_MBCS_MFC_DEPRECATION /D _VC80_UPGRADE=0x0710 /D _UNICODE /D UNICODE /D _AFXDLL /GF /Gm- /EHsc /MD /GS /Gy /fp:precise /Zc:wchar_t /Zc:forScope /Yc"stdafx.h" /Fp".\Release/CGWork.pch" /Fo".\Release/" /Fd".\Release/vc120.pdb" /FR".\Release\\" /Gd /TP /wd4273 /wd4996 /wd4800 /analyze- /errorReport:prompt StdAfx.cpp
         StdAfx.cpp
         C:\Program Files (x86)\Microsoft Visual Studio 12.0\VC\bin\CL.exe /c /I..\pngLib /I..\include /Zi /nologo /W3 /WX- /O2 /Ob1 /Oy- /D WIN32 /D NDEBUG /D _WINDOWS /D WINVER=0x501 /D NO_WARN_MBCS_MFC_DEPRECATION /D _VC80_UPGRADE=0x0710 /D _UNICODE /D UNICODE /D _AFXDLL /GF /Gm- /EHsc /MD /GS /Gy /fp:precise /Zc:wchar_t /Zc:forScope /Fo".\Release/" /Fd".\Release/vc120.pdb" /FR".\Release\\" /Gd /TP /wd4273 /wd4996 /wd4800 /analyze- /errorReport:prompt CGWork.cpp CGWorkDoc.cpp CGWorkView.cpp iritSkel.cpp LightDialog.cpp MainFrm.cpp MaterialDlg.cpp PngWrapper.cpp
         CGWork.cpp
         CGWorkDoc.cpp
         CGWorkView.cpp
         iritSkel.cpp
         LightDialog.cpp
         MainFrm.cpp
         MaterialDlg.cpp
         PngWrapper.cpp
         Generating Code...
       ResourceCompile:
         C:\Program Files (x86)\Windows Kits\8.1\bin\x86\rc.exe /D NDEBUG /D _VC80_UPGRADE=0x0710 /D _UNICODE /D UNICODE /D _AFXDLL /l"0x040d" /nologo /fo".\Release\CGWork.res" CGWork.rc 
       Link:
         C:\Program Files (x86)\Microsoft Visual Studio 12.0\VC\bin\link.exe /ERRORREPORT:PROMPT /OUT:"..\bin\Release\CGWork.exe" /INCREMENTAL:NO /NOLOGO /LIBPATH:..\pngLib /LIBPATH:..\iritLib GLU32.LIB zlib.lib libpng.lib irit.lib /MANIFEST /MANIFESTUAC:"level='asInvoker' uiAccess='false'" /manifest:embed /manifestinput:"C:\Program Files (x86)\Microsoft Visual Studio 12.0\VC\Include\Manifest\dpiaware.manifest" /PDB:".\Release/CGWork.pdb" /SUBSYSTEM:WINDOWS /TLBID:1 /ENTRY:"wWinMainCRTStartup" /DYNAMICBASE:NO /IMPLIB:"..\bin\Release\CGWork.lib" /MACHINE:X86 /SAFESEH .\Release\CGWork.res
         .\Release/CGWork.obj
         .\Release/CGWorkDoc.obj
         .\Release/CGWorkView.obj
         .\Release/iritSkel.obj
         .\Release/LightDialog.obj
         .\Release/MainFrm.obj
         .\Release/MaterialDlg.obj
         .\Release/PngWrapper.obj
         .\Release/StdAfx.obj
         CGWork.vcxproj -> C:\Users\lev\Documents\Visual Studio 2013\Projects\skeleton_2013\CGWork\..\bin\Release\CGWork.exe
       BscMake:
         C:\Program Files (x86)\Microsoft Visual Studio 12.0\VC\bin\bscmake.exe /nologo /o"..\bin\Release\CGWork.bsc" .\Release\CGWork.sbr .\Release\CGWorkDoc.sbr .\Release\CGWorkView.sbr .\Release\iritSkel.sbr .\Release\LightDialog.sbr .\Release\MainFrm.sbr .\Release\MaterialDlg.sbr .\Release\PngWrapper.sbr .\Release\StdAfx.sbr
     1>Done Building Project "C:\Users\lev\Documents\Visual Studio 2013\Projects\skeleton_2013\CGWork\CGWork.vcxproj" (Build target(s)).

Build succeeded.

Time Elapsed 00:00:25.39
