c:\users\lev\documents\visual studio 2013\projects\skeleton_2013\bin\release\cgwork.bsc
c:\users\lev\documents\visual studio 2013\projects\skeleton_2013\cgwork\release\cgwork.pch
c:\users\lev\documents\visual studio 2013\projects\skeleton_2013\cgwork\release\vc120.pdb
c:\users\lev\documents\visual studio 2013\projects\skeleton_2013\cgwork\release\stdafx.sbr
c:\users\lev\documents\visual studio 2013\projects\skeleton_2013\cgwork\release\stdafx.obj
c:\users\lev\documents\visual studio 2013\projects\skeleton_2013\cgwork\release\cgwork.sbr
c:\users\lev\documents\visual studio 2013\projects\skeleton_2013\cgwork\release\cgworkdoc.sbr
c:\users\lev\documents\visual studio 2013\projects\skeleton_2013\cgwork\release\cgworkview.sbr
c:\users\lev\documents\visual studio 2013\projects\skeleton_2013\cgwork\release\iritskel.sbr
c:\users\lev\documents\visual studio 2013\projects\skeleton_2013\cgwork\release\lightdialog.sbr
c:\users\lev\documents\visual studio 2013\projects\skeleton_2013\cgwork\release\mainfrm.sbr
c:\users\lev\documents\visual studio 2013\projects\skeleton_2013\cgwork\release\materialdlg.sbr
c:\users\lev\documents\visual studio 2013\projects\skeleton_2013\cgwork\release\pngwrapper.sbr
c:\users\lev\documents\visual studio 2013\projects\skeleton_2013\cgwork\release\pngwrapper.obj
c:\users\lev\documents\visual studio 2013\projects\skeleton_2013\cgwork\release\materialdlg.obj
c:\users\lev\documents\visual studio 2013\projects\skeleton_2013\cgwork\release\mainfrm.obj
c:\users\lev\documents\visual studio 2013\projects\skeleton_2013\cgwork\release\lightdialog.obj
c:\users\lev\documents\visual studio 2013\projects\skeleton_2013\cgwork\release\cgworkdoc.obj
c:\users\lev\documents\visual studio 2013\projects\skeleton_2013\cgwork\release\cgwork.obj
c:\users\lev\documents\visual studio 2013\projects\skeleton_2013\cgwork\release\iritskel.obj
c:\users\lev\documents\visual studio 2013\projects\skeleton_2013\cgwork\release\cgworkview.obj
c:\users\lev\documents\visual studio 2013\projects\skeleton_2013\bin\release\cgwork.exe
c:\users\lev\documents\visual studio 2013\projects\skeleton_2013\cgwork\release\cgwork.res
c:\users\lev\documents\visual studio 2013\projects\skeleton_2013\cgwork\..\bin\release\cgwork.exe
c:\users\lev\documents\visual studio 2013\projects\skeleton_2013\cgwork\release\cgwork.tlog\bscmake.command.1.tlog
c:\users\lev\documents\visual studio 2013\projects\skeleton_2013\cgwork\release\cgwork.tlog\bscmake.read.1.tlog
c:\users\lev\documents\visual studio 2013\projects\skeleton_2013\cgwork\release\cgwork.tlog\bscmake.write.1.tlog
c:\users\lev\documents\visual studio 2013\projects\skeleton_2013\cgwork\release\cgwork.tlog\cl.command.1.tlog
c:\users\lev\documents\visual studio 2013\projects\skeleton_2013\cgwork\release\cgwork.tlog\cl.read.1.tlog
c:\users\lev\documents\visual studio 2013\projects\skeleton_2013\cgwork\release\cgwork.tlog\cl.write.1.tlog
c:\users\lev\documents\visual studio 2013\projects\skeleton_2013\cgwork\release\cgwork.tlog\link.command.1.tlog
c:\users\lev\documents\visual studio 2013\projects\skeleton_2013\cgwork\release\cgwork.tlog\link.read.1.tlog
c:\users\lev\documents\visual studio 2013\projects\skeleton_2013\cgwork\release\cgwork.tlog\link.write.1.tlog
c:\users\lev\documents\visual studio 2013\projects\skeleton_2013\cgwork\release\cgwork.tlog\rc.command.1.tlog
c:\users\lev\documents\visual studio 2013\projects\skeleton_2013\cgwork\release\cgwork.tlog\rc.read.1.tlog
c:\users\lev\documents\visual studio 2013\projects\skeleton_2013\cgwork\release\cgwork.tlog\rc.write.1.tlog
